<?xml version="1.0" encoding="UTF-8"?>
<!-- Generated by org.testng.reporters.JUnitReportReporter -->
<testsuite skipped="0" hostname="APPAN-PC" name="selenium.easy.date.pickers.JQueryDatePicker" tests="1" failures="0" timestamp="02 Jul 2021 14:23:46 GMT" time="8.760" errors="0">
  <testcase name="dateRangePicker" time="8.760" classname="selenium.easy.date.pickers.JQueryDatePicker"/>
</testsuite> <!-- selenium.easy.date.pickers.JQueryDatePicker -->
