<?xml version="1.0" encoding="UTF-8"?>
<!-- Generated by org.testng.reporters.JUnitReportReporter -->
<testsuite skipped="0" hostname="APPAN-PC" name="interviewQnA.MyTest" tests="3" failures="0" timestamp="18 Jun 2021 11:15:19 GMT" time="0.063" errors="0">
  <testcase name="testServer" time="0.054" classname="interviewQnA.MyTest"/>
  <testcase name="testServer" time="0.004" classname="interviewQnA.MyTest"/>
  <testcase name="testServer" time="0.005" classname="interviewQnA.MyTest"/>
</testsuite> <!-- interviewQnA.MyTest -->
