<?xml version="1.0" encoding="UTF-8"?>
<!-- Generated by org.testng.reporters.JUnitReportReporter -->
<testsuite skipped="0" hostname="APPAN-PC" name="seleniumEasy.InputForms" tests="2" failures="0" timestamp="02 Jul 2021 10:34:51 GMT" time="1.834" errors="0">
  <testcase name="twoInputFields" time="1.091" classname="seleniumEasy.InputForms"/>
  <testcase name="singleInputField" time="0.743" classname="seleniumEasy.InputForms"/>
</testsuite> <!-- seleniumEasy.InputForms -->
