<?xml version="1.0" encoding="UTF-8"?>
<!-- Generated by org.testng.reporters.JUnitReportReporter -->
<testsuite skipped="0" hostname="APPAN-PC" name="seleniumEasy.DatePickers" tests="2" failures="0" timestamp="02 Jul 2021 13:39:29 GMT" time="1.487" errors="0">
  <testcase name="dateExample" time="0.471" classname="seleniumEasy.DatePickers"/>
  <testcase name="dateRangeExample" time="1.016" classname="seleniumEasy.DatePickers"/>
</testsuite> <!-- seleniumEasy.DatePickers -->
