<?xml version="1.0" encoding="UTF-8"?>
<!-- Generated by org.testng.reporters.JUnitReportReporter -->
<testsuite skipped="0" hostname="APPAN-PC" name="interviewQnA.MyTest" tests="3" failures="0" timestamp="30 Jun 2021 09:28:14 GMT" time="0.057" errors="0">
  <testcase name="testServer" time="0.037" classname="interviewQnA.MyTest"/>
  <testcase name="testServer" time="0.007" classname="interviewQnA.MyTest"/>
  <testcase name="testServer" time="0.013" classname="interviewQnA.MyTest"/>
</testsuite> <!-- interviewQnA.MyTest -->
