<?xml version="1.0" encoding="UTF-8"?>
<!-- Generated by org.testng.reporters.JUnitReportReporter -->
<testsuite skipped="0" hostname="APPAN-PC" name="interviewQnA.WebTest" tests="3" failures="0" timestamp="13 Sep 2021 08:42:05 GMT" time="0.048" errors="0">
  <testcase name="testServer" time="0.009" classname="interviewQnA.WebTest"/>
  <testcase name="testServer" time="0.003" classname="interviewQnA.WebTest"/>
  <testcase name="testServer" time="0.036" classname="interviewQnA.WebTest"/>
</testsuite> <!-- interviewQnA.WebTest -->
