<?xml version="1.0" encoding="UTF-8"?>
<!-- Generated by org.testng.reporters.JUnitReportReporter -->
<testsuite skipped="0" hostname="APPAN-PC" name="interviewQnA.DemoTestNG" tests="2" failures="0" timestamp="30 Jun 2021 09:04:46 GMT" time="0.040" errors="0">
  <testcase name="testServer" time="0.006" classname="interviewQnA.DemoTestNG"/>
  <testcase name="testServer" time="0.034" classname="interviewQnA.DemoTestNG"/>
</testsuite> <!-- interviewQnA.DemoTestNG -->
