<?xml version="1.0" encoding="UTF-8"?>
<!-- Generated by org.testng.reporters.JUnitReportReporter -->
<testsuite skipped="0" hostname="APPAN-PC" name="interviewQnA.AppTest" tests="3" failures="0" timestamp="11 Aug 2021 08:42:48 GMT" time="0.047" errors="0">
  <testcase name="testServer" time="0.036" classname="interviewQnA.AppTest"/>
  <testcase name="testServer" time="0.006" classname="interviewQnA.AppTest"/>
  <testcase name="testServer" time="0.005" classname="interviewQnA.AppTest"/>
</testsuite> <!-- interviewQnA.AppTest -->
