<?xml version="1.0" encoding="UTF-8"?>
<!-- Generated by org.testng.reporters.JUnitReportReporter -->
<testsuite skipped="0" hostname="APPAN-PC" name="com.qa.hrm.tests.TestRunner" tests="2" failures="0" timestamp="2020-10-02T21:20:18 IST" time="75.369" errors="0">
  <testcase name="chromeTest" time="34.885" classname="com.qa.hrm.tests.TestRunner"/>
  <system-out/>
  <testcase name="firefoxTest" time="40.484" classname="com.qa.hrm.tests.TestRunner"/>
  <system-out/>
</testsuite> <!-- com.qa.hrm.tests.TestRunner -->
