<?xml version="1.0" encoding="UTF-8"?>
<!-- Generated by org.testng.reporters.JUnitReportReporter -->
<testsuite skipped="0" hostname="APPAN-PC" name="gradleDemo.GradleTest" tests="1" failures="0" timestamp="13 May 2020 13:33:34 GMT" time="7.598" errors="0">
  <testcase name="Test" time="7.598" classname="gradleDemo.GradleTest"/>
</testsuite> <!-- gradleDemo.GradleTest -->
