<?xml version="1.0" encoding="UTF-8"?>
<!-- Generated by org.testng.reporters.JUnitReportReporter -->
<testsuite hostname="APPAN-PC" name="dataDrivenTechniques.Using2DArray" tests="3" failures="0" timestamp="28 Oct 2019 13:40:02 GMT" time="43.742" errors="0">
  <testcase name="loginToOrangeHRM" time="13.472" classname="dataDrivenTechniques.Using2DArray"/>
  <testcase name="loginToOrangeHRM" time="15.645" classname="dataDrivenTechniques.Using2DArray"/>
  <testcase name="loginToOrangeHRM" time="14.625" classname="dataDrivenTechniques.Using2DArray"/>
</testsuite>
