<?xml version="1.0" encoding="UTF-8"?>
<!-- Generated by org.testng.reporters.JUnitReportReporter -->
<testsuite skipped="0" hostname="APPAN-PC" name="tooltipDemo.BootstrapTooltip" tests="1" failures="0" timestamp="2019-10-29T19:48:34 IST" time="10.482" errors="0">
  <testcase name="checkToastMessage" time="10.482" classname="tooltipDemo.BootstrapTooltip"/>
</testsuite> <!-- tooltipDemo.BootstrapTooltip -->
