<?xml version="1.0" encoding="UTF-8"?>
<!-- Generated by org.testng.reporters.JUnitReportReporter -->
<testsuite skipped="0" hostname="APPAN-PC" name="failedCaseHandlingDemo.Test_LinkedIn" tests="1" failures="0" timestamp="2019-10-12T23:21:54 IST" time="0.002" errors="0">
  <testcase name="ldinTest" time="0.002" classname="failedCaseHandlingDemo.Test_LinkedIn"/>
</testsuite> <!-- failedCaseHandlingDemo.Test_LinkedIn -->
