<?xml version="1.0" encoding="UTF-8"?>
<!-- Generated by org.testng.reporters.JUnitReportReporter -->
<testsuite skipped="0" hostname="APPAN-PC" name="certificateHandling.UntrustedCertificateHandling" tests="1" failures="0" timestamp="2019-10-12T14:23:39 IST" time="8.911" errors="0">
  <testcase name="handleCertificate" time="8.911" classname="certificateHandling.UntrustedCertificateHandling"/>
</testsuite> <!-- certificateHandling.UntrustedCertificateHandling -->
