<?xml version="1.0" encoding="UTF-8"?>
<!-- Generated by org.testng.reporters.JUnitReportReporter -->
<testsuite skipped="0" hostname="APPAN-PC" name="pageObjectModelDemo.Wordpress_TestCase" tests="1" failures="0" timestamp="2019-10-28T06:33:21 IST" time="17.069" errors="0">
  <testcase name="verifyLogin" time="17.069" classname="pageObjectModelDemo.Wordpress_TestCase"/>
</testsuite> <!-- pageObjectModelDemo.Wordpress_TestCase -->
