<?xml version="1.0" encoding="UTF-8"?>
<!-- Generated by org.testng.reporters.JUnitReportReporter -->
<testsuite skipped="0" hostname="APPAN-PC" name="elementsHandlingDemo.Dropdown3" tests="1" failures="0" timestamp="2019-10-13T12:15:51 IST" time="11.110" errors="0">
  <testcase name="selectDD" time="11.110" classname="elementsHandlingDemo.Dropdown3"/>
</testsuite> <!-- elementsHandlingDemo.Dropdown3 -->
