<?xml version="1.0" encoding="UTF-8"?>
<!-- Generated by org.testng.reporters.JUnitReportReporter -->
<testsuite skipped="0" hostname="APPAN-PC" name="elementsHandlingDemo.Dropdown2" tests="1" failures="0" timestamp="2019-10-13T11:47:06 IST" time="13.257" errors="0">
  <testcase name="selectDD" time="13.257" classname="elementsHandlingDemo.Dropdown2"/>
</testsuite> <!-- elementsHandlingDemo.Dropdown2 -->
