<?xml version="1.0" encoding="UTF-8"?>
<!-- Generated by org.testng.reporters.JUnitReportReporter -->
<testsuite skipped="0" hostname="APPAN-PC" name="failedCaseHandlingDemo.Test_Facebook" tests="1" failures="0" timestamp="2019-10-12T23:21:54 IST" time="0.001" errors="0">
  <testcase name="fbTest" time="0.001" classname="failedCaseHandlingDemo.Test_Facebook"/>
</testsuite> <!-- failedCaseHandlingDemo.Test_Facebook -->
