<?xml version="1.0" encoding="UTF-8"?>
<!-- Generated by org.testng.reporters.JUnitReportReporter -->
<testsuite skipped="0" hostname="APPAN-PC" name="headlessBrowserDemo.PhantomJS" tests="1" failures="0" timestamp="2019-10-27T12:03:21 IST" time="8.612" errors="0">
  <testcase name="test1" time="8.612" classname="headlessBrowserDemo.PhantomJS"/>
</testsuite> <!-- headlessBrowserDemo.PhantomJS -->
