<?xml version="1.0" encoding="UTF-8"?>
<!-- Generated by org.testng.reporters.JUnitReportReporter -->
<testsuite skipped="0" hostname="APPAN-PC" name="objectRepositoryDemo.testConfig" tests="1" failures="0" timestamp="2019-10-27T17:08:15 IST" time="20.298" errors="0">
  <testcase name="config" time="20.298" classname="objectRepositoryDemo.testConfig"/>
</testsuite> <!-- objectRepositoryDemo.testConfig -->
