<?xml version="1.0" encoding="UTF-8"?>
<!-- Generated by org.testng.reporters.JUnitReportReporter -->
<testsuite skipped="0" hostname="APPAN-PC" name="elementsHandlingDemo.Dropdown" tests="1" failures="0" timestamp="2019-10-13T11:24:32 IST" time="12.029" errors="0">
  <testcase name="selectDD" time="12.029" classname="elementsHandlingDemo.Dropdown"/>
</testsuite> <!-- elementsHandlingDemo.Dropdown -->
