<?xml version="1.0" encoding="UTF-8"?>
<!-- Generated by org.testng.reporters.JUnitReportReporter -->
<testsuite skipped="0" hostname="APPAN-PC" name="reportingDemo.ExtentReport" tests="1" failures="0" timestamp="2019-10-29T10:56:23 IST" time="11.086" errors="0">
  <testcase name="titleTest" time="11.086" classname="reportingDemo.ExtentReport"/>
</testsuite> <!-- reportingDemo.ExtentReport -->
