<?xml version="1.0" encoding="UTF-8"?>
<!-- Generated by org.testng.reporters.JUnitReportReporter -->
<testsuite skipped="1" hostname="APPAN-PC" name="testNGIgnoreDemo.IgnoreTestCase" tests="3" failures="0" timestamp="2019-10-13T14:39:07 IST" time="0.023" errors="0">
  <testcase name="test2" time="0.018" classname="testNGIgnoreDemo.IgnoreTestCase"/>
  <testcase name="test3" time="0.005" classname="testNGIgnoreDemo.IgnoreTestCase"/>
  <testcase name="test1" classname="testNGIgnoreDemo.IgnoreTestCase">
    <skipped/>
  </testcase> <!-- test1 -->
</testsuite> <!-- testNGIgnoreDemo.IgnoreTestCase -->
