<?xml version="1.0" encoding="UTF-8"?>
<!-- Generated by org.testng.reporters.JUnitReportReporter -->
<testsuite skipped="0" hostname="APPAN-PC" name="recordingDemo.TestCaseRecording" tests="1" failures="0" timestamp="2019-10-29T22:30:52 IST" time="10.982" errors="0">
  <testcase name="testCaseRecording" time="10.982" classname="recordingDemo.TestCaseRecording"/>
</testsuite> <!-- recordingDemo.TestCaseRecording -->
