<?xml version="1.0" encoding="UTF-8"?>
<!-- Generated by org.testng.reporters.JUnitReportReporter -->
<testsuite skipped="0" hostname="APPAN-PC" name="crossBrowserDemo.VerifyPageTitle" tests="1" failures="0" timestamp="2019-10-12T15:22:01 IST" time="15.799" errors="0">
  <testcase name="verifyTitle" time="15.799" classname="crossBrowserDemo.VerifyPageTitle"/>
</testsuite> <!-- crossBrowserDemo.VerifyPageTitle -->
