<?xml version="1.0" encoding="UTF-8"?>
<!-- Generated by org.testng.reporters.JUnitReportReporter -->
<testsuite skipped="0" hostname="APPAN-PC" name="pageObjectModelPageFactoryDemo.OrangeHRM_TestCase" tests="1" failures="0" timestamp="2019-10-28T06:51:36 IST" time="9.871" errors="0">
  <testcase name="checkValidUser" time="9.871" classname="pageObjectModelPageFactoryDemo.OrangeHRM_TestCase"/>
</testsuite> <!-- pageObjectModelPageFactoryDemo.OrangeHRM_TestCase -->
