<?xml version="1.0" encoding="UTF-8"?>
<!-- Generated by org.testng.reporters.JUnitReportReporter -->
<testsuite skipped="0" hostname="APPAN-PC" name="pageObjectModelDemo.OrangeHRM_TestCase" tests="1" failures="0" timestamp="2019-10-28T06:40:16 IST" time="15.812" errors="0">
  <testcase name="verifyLogin" time="15.812" classname="pageObjectModelDemo.OrangeHRM_TestCase"/>
</testsuite> <!-- pageObjectModelDemo.OrangeHRM_TestCase -->
