<?xml version="1.0" encoding="UTF-8"?>
<!-- Generated by org.testng.reporters.JUnitReportReporter -->
<testsuite skipped="0" hostname="APPAN-PC" name="baseClassDemo.LoginClass" tests="2" failures="0" timestamp="2019-10-29T22:29:55 IST" time="27.361" errors="0">
  <testcase name="invalidLogin" time="9.354" classname="baseClassDemo.LoginClass"/>
  <testcase name="validLogin" time="18.007" classname="baseClassDemo.LoginClass"/>
</testsuite> <!-- baseClassDemo.LoginClass -->
