<?xml version="1.0" encoding="UTF-8"?>
<!-- Generated by org.testng.reporters.JUnitReportReporter -->
<testsuite skipped="0" hostname="APPAN-PC" name="synchronizationDemo.CompleteSync" tests="1" failures="0" timestamp="2019-10-19T20:29:44 IST" time="9.241" errors="0">
  <testcase name="checkBuses" time="9.241" classname="synchronizationDemo.CompleteSync"/>
</testsuite> <!-- synchronizationDemo.CompleteSync -->
