<?xml version="1.0" encoding="UTF-8"?>
<!-- Generated by org.testng.reporters.JUnitReportReporter -->
<testsuite skipped="0" hostname="APPAN-PC" name="mavenDemo.MavenBuildTest" tests="1" failures="0" timestamp="29 Oct 2019 06:55:13 GMT" time="0.016" errors="0">
  <testcase name="testMaven" time="0.016" classname="mavenDemo.MavenBuildTest"/>
</testsuite> <!-- mavenDemo.MavenBuildTest -->
