<?xml version="1.0" encoding="UTF-8"?>
<!-- Generated by org.testng.reporters.JUnitReportReporter -->
<testsuite skipped="0" hostname="APPAN-PC" name="interviewQnA.WebTest" tests="3" failures="0" timestamp="16 Jun 2021 06:44:04 GMT" time="0.384" errors="0">
  <testcase name="testServer" time="0.014" classname="interviewQnA.WebTest"/>
  <testcase name="testServer" time="0.015" classname="interviewQnA.WebTest"/>
  <testcase name="testServer" time="0.355" classname="interviewQnA.WebTest"/>
</testsuite> <!-- interviewQnA.WebTest -->
