<?xml version="1.0" encoding="UTF-8"?>
<!-- Generated by org.testng.reporters.JUnitReportReporter -->
<testsuite skipped="0" hostname="APPAN-PC" name="emailDemo.EmailTest" tests="1" failures="0" timestamp="21 Oct 2019 16:49:44 GMT" time="0.013" errors="0">
  <testcase name="Test1" time="0.013" classname="emailDemo.EmailTest"/>
</testsuite> <!-- emailDemo.EmailTest -->
