<?xml version="1.0" encoding="UTF-8"?>
<!-- Generated by org.testng.reporters.JUnitReportReporter -->
<testsuite skipped="0" hostname="APPAN-PC" name="databaseTestingDemo.MethodDependency" tests="3" failures="0" timestamp="03 Jun 2021 05:51:23 GMT" time="0.382" errors="0">
  <testcase name="startApp" time="0.360" classname="databaseTestingDemo.MethodDependency"/>
  <testcase name="loginApp" time="0.011" classname="databaseTestingDemo.MethodDependency"/>
  <testcase name="logoutApp" time="0.011" classname="databaseTestingDemo.MethodDependency"/>
</testsuite> <!-- databaseTestingDemo.MethodDependency -->
