<?xml version="1.0" encoding="UTF-8"?>
<!-- Generated by org.testng.reporters.JUnitReportReporter -->
<testsuite skipped="0" hostname="APPAN-PC" name="cookiesDemo.CookiesTest" tests="5" failures="0" timestamp="19 Sep 2020 17:21:18 GMT" time="5.813" errors="0">
  <testcase name="getAllCookies" time="0.199" classname="cookiesDemo.CookiesTest"/>
  <testcase name="getSpecificCookieByName" time="0.093" classname="cookiesDemo.CookiesTest"/>
  <testcase name="addCookie" time="1.249" classname="cookiesDemo.CookiesTest"/>
  <testcase name="deleteCookie" time="0.541" classname="cookiesDemo.CookiesTest"/>
  <testcase name="deleteAllCookies" time="3.731" classname="cookiesDemo.CookiesTest"/>
</testsuite> <!-- cookiesDemo.CookiesTest -->
