<?xml version="1.0" encoding="UTF-8"?>
<!-- Generated by org.testng.reporters.JUnitReportReporter -->
<testsuite skipped="0" hostname="APPAN-PC" name="reportingDemo.ExtentReport3" tests="1" failures="0" timestamp="29 Oct 2019 05:26:54 GMT" time="0.936" errors="0">
  <testcase name="test1" time="0.936" classname="reportingDemo.ExtentReport3"/>
</testsuite> <!-- reportingDemo.ExtentReport3 -->
