<?xml version="1.0" encoding="UTF-8"?>
<!-- Generated by org.testng.reporters.JUnitReportReporter -->
<testsuite skipped="0" hostname="APPAN-PC" name="databaseTestingDemo.ConnectMySQL" tests="1" failures="0" timestamp="28 May 2021 09:30:09 GMT" time="7.009" errors="0">
  <testcase name="getAllFromDBTable" time="7.009" classname="databaseTestingDemo.ConnectMySQL"/>
</testsuite> <!-- databaseTestingDemo.ConnectMySQL -->
