<?xml version="1.0" encoding="UTF-8"?>
<!-- Generated by org.testng.reporters.JUnitReportReporter -->
<testsuite skipped="0" hostname="APPAN-PC" name="reportingDemo.AllureReport" tests="1" failures="0" timestamp="21 Sep 2020 10:03:44 GMT" time="7.707" errors="0">
  <testcase name="loginToOrangeHRM" time="7.707" classname="reportingDemo.AllureReport"/>
</testsuite> <!-- reportingDemo.AllureReport -->
