<?xml version="1.0" encoding="UTF-8"?>
<!-- Generated by org.testng.reporters.JUnitReportReporter -->
<testsuite skipped="0" hostname="APPAN-PC" name="mavenDemo.PriorityTestCase" tests="2" failures="0" timestamp="02 Jun 2021 11:47:39 GMT" time="0.198" errors="0">
  <testcase name="loginApplication" time="0.192" classname="mavenDemo.PriorityTestCase"/>
  <testcase name="selectItems" time="0.006" classname="mavenDemo.PriorityTestCase"/>
</testsuite> <!-- mavenDemo.PriorityTestCase -->
