<?xml version="1.0" encoding="UTF-8"?>
<!-- Generated by org.testng.reporters.JUnitReportReporter -->
<testsuite skipped="0" hostname="APPAN-PC" name="mavenDemo.MavenBuildTest" tests="1" failures="0" timestamp="21 Sep 2020 15:50:08 GMT" time="0.348" errors="0">
  <testcase name="testMaven" time="0.348" classname="mavenDemo.MavenBuildTest"/>
</testsuite> <!-- mavenDemo.MavenBuildTest -->
