<?xml version="1.0" encoding="UTF-8"?>
<!-- Generated by org.testng.reporters.JUnitReportReporter -->
<testsuite hostname="LP002412" failures="0" tests="1" name="lambdaTest.TestScenario2" time="0.886" errors="0" timestamp="2022-07-04T10:56:00 IST" skipped="0">
  <testcase classname="lambdaTest.TestScenario2" name="verifySliderValue" time="0.886"/>
  <system-out/>
</testsuite> <!-- lambdaTest.TestScenario2 -->
