<?xml version="1.0" encoding="UTF-8"?>
<!-- Generated by org.testng.reporters.JUnitReportReporter -->
<testsuite hostname="LP002412" failures="0" tests="1" name="tests.TestScenario2" time="3.870" errors="0" timestamp="2022-07-04T14:20:27 IST" skipped="0">
  <testcase classname="tests.TestScenario2" name="verifySliderValue" time="3.870"/>
  <system-out/>
</testsuite> <!-- tests.TestScenario2 -->
