<?xml version="1.0" encoding="UTF-8"?>
<!-- Generated by org.testng.reporters.JUnitReportReporter -->
<testsuite hostname="LP002412" failures="0" tests="2" name="lambdaTest.TestScenario1" time="0.848" errors="0" timestamp="2022-07-04T10:56:41 IST" skipped="0">
  <testcase classname="lambdaTest.TestScenario1" name="verifyEnteredMessage" time="0.254"/>
  <system-out/>
  <testcase classname="lambdaTest.TestScenario1" name="verifyUrl" time="0.594"/>
  <system-out/>
</testsuite> <!-- lambdaTest.TestScenario1 -->
