<?xml version="1.0" encoding="UTF-8"?>
<!-- Generated by org.testng.reporters.JUnitReportReporter -->
<testsuite hostname="LP002412" failures="0" tests="2" name="lambdaTest.TestScenario3" time="4.931" errors="0" timestamp="2022-07-04T10:58:22 IST" skipped="0">
  <testcase classname="lambdaTest.TestScenario3" name="verifyFullSubmissionSuccessMessage" time="4.278"/>
  <system-out/>
  <testcase classname="lambdaTest.TestScenario3" name="verifyBlankSubmissionErrorMessage" time="0.653"/>
  <system-out/>
</testsuite> <!-- lambdaTest.TestScenario3 -->
