<?xml version="1.0" encoding="UTF-8"?>
<!-- Generated by org.testng.reporters.JUnitReportReporter -->
<testsuite hostname="LP002412" failures="0" tests="2" name="tests.TestScenario3" time="7.358" errors="0" timestamp="2022-07-04T14:20:46 IST" skipped="0">
  <testcase classname="tests.TestScenario3" name="verifyBlankSubmissionErrorMessage" time="4.071"/>
  <system-out/>
  <testcase classname="tests.TestScenario3" name="verifyFullSubmissionSuccessMessage" time="3.287"/>
  <system-out/>
</testsuite> <!-- tests.TestScenario3 -->
