<?xml version="1.0" encoding="UTF-8"?>
<!-- Generated by org.testng.reporters.JUnitReportReporter -->
<testsuite hostname="LP002412" failures="0" tests="1" name="tests.TC_01_Verify_Login_StdUser" time="3.104" errors="0" timestamp="2022-06-28T18:57:24 IST" skipped="0">
  <testcase classname="tests.TC_01_Verify_Login_StdUser" name="verifyLoginStdUser" time="3.104"/>
  <system-out/>
</testsuite> <!-- tests.TC_01_Verify_Login_StdUser -->
