<?xml version="1.0" encoding="UTF-8"?>
<!-- Generated by org.testng.reporters.JUnitReportReporter -->
<testsuite hostname="LP002412" failures="0" tests="2" name="tests.TestScenario1" time="3.754" errors="0" timestamp="2022-07-04T14:19:56 IST" skipped="0">
  <testcase classname="tests.TestScenario1" name="verifyUrl" time="3.504"/>
  <system-out/>
  <testcase classname="tests.TestScenario1" name="verifyEnteredMessage" time="0.250"/>
  <system-out/>
</testsuite> <!-- tests.TestScenario1 -->
